{"level":"warn","message":"MongoDB disconnected","service":"invoice-service","timestamp":"2026-04-21 09:34:37"}
{"level":"info","message":"GET /api/expenses","service":"invoice-service","timestamp":"2026-04-21 09:35:13"}
{"level":"error","message":"[GET] /api/expenses - Invalid token","service":"invoice-service","timestamp":"2026-04-21 09:35:13"}
{"level":"info","message":"GET /api/auth/accessToken","service":"invoice-service","timestamp":"2026-04-21 09:35:13"}
{"level":"info","message":"GET /api/expenses","service":"invoice-service","timestamp":"2026-04-21 09:35:13"}
{"level":"info","message":"GET /api/sales","service":"invoice-service","timestamp":"2026-04-21 09:35:45"}
{"level":"info","message":"GET /api/notifications","service":"invoice-service","timestamp":"2026-04-21 09:37:10"}
{"level":"info","message":"GET /api/invoices","service":"invoice-service","timestamp":"2026-04-21 09:37:34"}
{"level":"info","message":"GET /api/users","service":"invoice-service","timestamp":"2026-04-21 09:37:34"}
{"level":"info","message":"GET /api/users","service":"invoice-service","timestamp":"2026-04-21 09:37:34"}
{"level":"info","message":"POST /api/billing/create-subscription","service":"invoice-service","timestamp":"2026-04-21 09:38:37"}
{"level":"info","message":"GET /api/search/history","service":"invoice-service","timestamp":"2026-04-21 09:39:55"}
{"level":"info","message":"GET /api/invoices","service":"invoice-service","timestamp":"2026-04-21 09:39:55"}
{"level":"info","message":"GET /api/search/history","service":"invoice-service","timestamp":"2026-04-21 09:39:55"}
{"level":"info","message":"GET /api/users","service":"invoice-service","timestamp":"2026-04-21 09:39:55"}
{"level":"info","message":"GET /api/users","service":"invoice-service","timestamp":"2026-04-21 09:39:55"}
{"level":"info","message":"GET /api/clients","service":"invoice-service","timestamp":"2026-04-21 09:40:21"}
{"level":"info","message":"GET /api/clients/69b82d9624a6e9bd92c1cf72","service":"invoice-service","timestamp":"2026-04-21 09:40:25"}
{"level":"info","message":"GET /api/clients/69b82d9624a6e9bd92c1cf72","service":"invoice-service","timestamp":"2026-04-21 09:40:25"}
{"level":"info","message":"GET /api/invoices","service":"invoice-service","timestamp":"2026-04-21 09:40:25"}
{"level":"info","message":"GET /api/invoices","service":"invoice-service","timestamp":"2026-04-21 09:40:25"}
{"level":"info","message":"GET /api/clients","service":"invoice-service","timestamp":"2026-04-21 09:40:32"}
{"level":"info","message":"GET /api/clients/69cb8a19c890e4477355dd84","service":"invoice-service","timestamp":"2026-04-21 09:40:35"}
{"level":"info","message":"GET /api/clients/69cb8a19c890e4477355dd84","service":"invoice-service","timestamp":"2026-04-21 09:40:35"}
{"level":"info","message":"GET /api/invoices","service":"invoice-service","timestamp":"2026-04-21 09:40:35"}
{"level":"info","message":"GET /api/invoices","service":"invoice-service","timestamp":"2026-04-21 09:40:35"}
{"level":"info","message":"GET /api/expenses","service":"invoice-service","timestamp":"2026-04-21 09:40:43"}
{"level":"info","message":"GET /api/notifications","service":"invoice-service","timestamp":"2026-04-21 09:40:47"}
{"level":"info","message":"GET /api/invoices","service":"invoice-service","timestamp":"2026-04-21 09:40:47"}
{"level":"info","message":"POST /api/clients/69d0e5fe468c518b3b89f39a/remind","service":"invoice-service","timestamp":"2026-04-21 09:40:53"}
{"level":"info","message":"SIGINT received. Shutting down gracefully...","service":"invoice-service","timestamp":"2026-04-21 09:51:24"}
{"level":"info","message":"MongoDB connected successfully","service":"invoice-service","timestamp":"2026-04-21 09:51:34"}
{"level":"info","message":"🚀 Server running on port 5000","service":"invoice-service","timestamp":"2026-04-21 09:51:37"}
{"level":"info","message":"GET /api/invoices","service":"invoice-service","timestamp":"2026-04-21 09:51:57"}
{"level":"error","message":"[GET] /api/invoices - Invalid token","service":"invoice-service","timestamp":"2026-04-21 09:51:57"}
{"level":"info","message":"GET /api/notifications","service":"invoice-service","timestamp":"2026-04-21 09:51:57"}
{"level":"error","message":"[GET] /api/notifications - Invalid token","service":"invoice-service","timestamp":"2026-04-21 09:51:57"}
{"level":"info","message":"GET /api/auth/accessToken","service":"invoice-service","timestamp":"2026-04-21 09:51:57"}
{"level":"info","message":"GET /api/invoices","service":"invoice-service","timestamp":"2026-04-21 09:51:57"}
{"level":"info","message":"GET /api/notifications","service":"invoice-service","timestamp":"2026-04-21 09:51:57"}
{"level":"info","message":"POST /api/clients/69d0e97cee2d900c9dbf651e/remind","service":"invoice-service","timestamp":"2026-04-21 09:52:03"}
{"level":"info","message":"MongoDB connected successfully","service":"invoice-service","timestamp":"2026-04-21 09:54:35"}
{"level":"info","message":"🚀 Server running on port 5000","service":"invoice-service","timestamp":"2026-04-21 09:54:37"}
{"level":"info","message":"GET /api/notifications","service":"invoice-service","timestamp":"2026-04-21 09:55:03"}
{"level":"info","message":"GET /api/invoices","service":"invoice-service","timestamp":"2026-04-21 09:55:03"}
{"level":"info","message":"POST /api/clients/69d0d605850d75fd73240f92/remind","service":"invoice-service","timestamp":"2026-04-21 09:55:06"}
{"level":"info","message":"MongoDB connected successfully","service":"invoice-service","timestamp":"2026-04-21 09:59:51"}
{"level":"info","message":"🚀 Server running on port 5000","service":"invoice-service","timestamp":"2026-04-21 09:59:54"}
{"level":"info","message":"MongoDB connected successfully","service":"invoice-service","timestamp":"2026-04-21 10:00:04"}
{"level":"info","message":"🚀 Server running on port 5000","service":"invoice-service","timestamp":"2026-04-21 10:00:06"}
{"level":"info","message":"MongoDB connected successfully","service":"invoice-service","timestamp":"2026-04-21 10:00:56"}
{"level":"info","message":"🚀 Server running on port 5000","service":"invoice-service","timestamp":"2026-04-21 10:00:58"}
{"level":"info","message":"MongoDB connected successfully","service":"invoice-service","timestamp":"2026-04-21 10:01:25"}
{"level":"info","message":"🚀 Server running on port 5000","service":"invoice-service","timestamp":"2026-04-21 10:01:28"}
{"level":"info","message":"GET /api/notifications","service":"invoice-service","timestamp":"2026-04-21 10:02:21"}
{"level":"info","message":"GET /api/invoices","service":"invoice-service","timestamp":"2026-04-21 10:02:21"}
{"level":"info","message":"GET /api/invoices","service":"invoice-service","timestamp":"2026-04-21 10:02:30"}
{"level":"info","message":"GET /api/users","service":"invoice-service","timestamp":"2026-04-21 10:02:30"}
{"level":"info","message":"GET /api/users","service":"invoice-service","timestamp":"2026-04-21 10:02:31"}
{"level":"info","message":"GET /api/finance/stats","service":"invoice-service","timestamp":"2026-04-21 10:02:35"}
{"level":"info","message":"GET /api/finance/monthly","service":"invoice-service","timestamp":"2026-04-21 10:02:35"}
{"level":"info","message":"GET /api/expenses","service":"invoice-service","timestamp":"2026-04-21 10:02:35"}
{"level":"info","message":"GET /api/sales","service":"invoice-service","timestamp":"2026-04-21 10:02:35"}
{"level":"info","message":"GET /api/users","service":"invoice-service","timestamp":"2026-04-21 10:02:38"}
{"level":"info","message":"GET /api/users","service":"invoice-service","timestamp":"2026-04-21 10:02:38"}
{"level":"info","message":"GET /api/invoices","service":"invoice-service","timestamp":"2026-04-21 10:02:44"}
{"level":"info","message":"GET /api/invoices","service":"invoice-service","timestamp":"2026-04-21 10:02:49"}
{"level":"info","message":"GET /api/clients","service":"invoice-service","timestamp":"2026-04-21 10:02:53"}
{"level":"info","message":"GET /api/clients/69cb8a19c890e4477355dd84","service":"invoice-service","timestamp":"2026-04-21 10:02:56"}
{"level":"info","message":"GET /api/clients/69cb8a19c890e4477355dd84","service":"invoice-service","timestamp":"2026-04-21 10:02:56"}
{"level":"info","message":"GET /api/invoices","service":"invoice-service","timestamp":"2026-04-21 10:02:56"}
{"level":"info","message":"GET /api/invoices","service":"invoice-service","timestamp":"2026-04-21 10:02:56"}
{"level":"info","message":"GET /api/invoices","service":"invoice-service","timestamp":"2026-04-21 10:03:04"}
{"level":"info","message":"GET /api/users","service":"invoice-service","timestamp":"2026-04-21 10:03:14"}
{"level":"info","message":"GET /api/users","service":"invoice-service","timestamp":"2026-04-21 10:03:14"}
{"level":"info","message":"GET /api/invoices","service":"invoice-service","timestamp":"2026-04-21 10:03:22"}
{"level":"info","message":"GET /api/notifications","service":"invoice-service","timestamp":"2026-04-21 10:03:22"}
{"level":"info","message":"GET /api/clients","service":"invoice-service","timestamp":"2026-04-21 10:03:34"}
{"level":"info","message":"GET /api/clients/69cb8a19c890e4477355dd84","service":"invoice-service","timestamp":"2026-04-21 10:03:41"}
{"level":"info","message":"GET /api/clients/69cb8a19c890e4477355dd84","service":"invoice-service","timestamp":"2026-04-21 10:03:41"}
{"level":"info","message":"GET /api/invoices","service":"invoice-service","timestamp":"2026-04-21 10:03:41"}
{"level":"info","message":"GET /api/invoices","service":"invoice-service","timestamp":"2026-04-21 10:03:41"}
{"level":"info","message":"GET /api/expenses","service":"invoice-service","timestamp":"2026-04-21 10:03:48"}
{"level":"info","message":"GET /api/sales","service":"invoice-service","timestamp":"2026-04-21 10:03:53"}
{"level":"info","message":"GET /api/sales","service":"invoice-service","timestamp":"2026-04-21 10:03:56"}
{"level":"info","message":"GET /api/finance/stats","service":"invoice-service","timestamp":"2026-04-21 10:03:56"}
{"level":"info","message":"GET /api/finance/monthly","service":"invoice-service","timestamp":"2026-04-21 10:03:56"}
{"level":"info","message":"GET /api/expenses","service":"invoice-service","timestamp":"2026-04-21 10:03:56"}
{"level":"info","message":"GET /api/invoices","service":"invoice-service","timestamp":"2026-04-21 10:04:49"}
{"level":"info","message":"GET /api/users","service":"invoice-service","timestamp":"2026-04-21 10:04:49"}
{"level":"info","message":"GET /api/users","service":"invoice-service","timestamp":"2026-04-21 10:04:49"}
{"level":"info","message":"GET /api/notifications","service":"invoice-service","timestamp":"2026-04-21 10:04:53"}
{"level":"info","message":"GET /api/clients","service":"invoice-service","timestamp":"2026-04-21 10:04:59"}
{"level":"info","message":"GET /api/clients","service":"invoice-service","timestamp":"2026-04-21 10:04:59"}
{"level":"info","message":"GET /api/invoices","service":"invoice-service","timestamp":"2026-04-21 10:04:59"}
{"level":"info","message":"GET /api/invoices","service":"invoice-service","timestamp":"2026-04-21 10:04:59"}
{"level":"info","message":"GET /api/users","service":"invoice-service","timestamp":"2026-04-21 10:05:01"}
{"level":"info","message":"GET /api/users","service":"invoice-service","timestamp":"2026-04-21 10:05:01"}
{"level":"info","message":"GET /api/clients","service":"invoice-service","timestamp":"2026-04-21 10:05:08"}
{"level":"info","message":"GET /api/invoices","service":"invoice-service","timestamp":"2026-04-21 10:05:11"}
{"level":"info","message":"GET /api/expenses","service":"invoice-service","timestamp":"2026-04-21 10:05:34"}
{"level":"info","message":"GET /api/search?q=inv-00001","service":"invoice-service","timestamp":"2026-04-21 10:05:44"}
{"level":"info","message":"GET /api/search?q=inv-0000","service":"invoice-service","timestamp":"2026-04-21 10:05:47"}
{"level":"info","message":"GET /api/search?q=inv-00005","service":"invoice-service","timestamp":"2026-04-21 10:05:47"}
{"level":"info","message":"GET /api/search?q=inv-0000","service":"invoice-service","timestamp":"2026-04-21 10:05:49"}
{"level":"info","message":"POST /api/search/history","service":"invoice-service","timestamp":"2026-04-21 10:05:51"}
{"level":"info","message":"GET /api/invoices/69d10c308d6336a7095af67a","service":"invoice-service","timestamp":"2026-04-21 10:05:52"}
{"level":"info","message":"GET /api/users","service":"invoice-service","timestamp":"2026-04-21 10:05:52"}
{"level":"info","message":"GET /api/invoices","service":"invoice-service","timestamp":"2026-04-21 10:05:56"}
{"level":"info","message":"GET /api/search?q=mi","service":"invoice-service","timestamp":"2026-04-21 10:06:03"}
{"level":"info","message":"POST /api/search/history","service":"invoice-service","timestamp":"2026-04-21 10:06:05"}
{"level":"info","message":"GET /api/clients/69cb8a19c890e4477355dd84","service":"invoice-service","timestamp":"2026-04-21 10:06:06"}
{"level":"info","message":"GET /api/clients/69cb8a19c890e4477355dd84","service":"invoice-service","timestamp":"2026-04-21 10:06:06"}
{"level":"info","message":"GET /api/invoices","service":"invoice-service","timestamp":"2026-04-21 10:06:06"}
{"level":"info","message":"GET /api/invoices","service":"invoice-service","timestamp":"2026-04-21 10:06:06"}
{"level":"info","message":"GET /api/expenses","service":"invoice-service","timestamp":"2026-04-21 10:06:22"}
{"level":"info","message":"GET /api/expenses","service":"invoice-service","timestamp":"2026-04-21 10:11:49"}
{"level":"error","message":"[GET] /api/expenses - Invalid token","service":"invoice-service","timestamp":"2026-04-21 10:11:49"}
{"level":"info","message":"GET /api/auth/accessToken","service":"invoice-service","timestamp":"2026-04-21 10:11:49"}
{"level":"info","message":"GET /api/expenses","service":"invoice-service","timestamp":"2026-04-21 10:11:49"}
{"level":"info","message":"GET /api/invoices","service":"invoice-service","timestamp":"2026-04-21 10:11:52"}
{"level":"info","message":"GET /api/invoices/69d0e090850d75fd73240fcc/download","service":"invoice-service","timestamp":"2026-04-21 10:11:59"}
{"level":"error","message":"[GET] /api/invoices/69d0e090850d75fd73240fcc/download - downloadInvoicePDF is not defined","service":"invoice-service","timestamp":"2026-04-21 10:11:59"}
{"level":"info","message":"MongoDB connected successfully","service":"invoice-service","timestamp":"2026-04-21 10:13:27"}
{"level":"info","message":"🚀 Server running on port 5000","service":"invoice-service","timestamp":"2026-04-21 10:13:30"}
{"level":"info","message":"GET /api/search/history","service":"invoice-service","timestamp":"2026-04-21 10:13:38"}
{"level":"info","message":"GET /api/invoices","service":"invoice-service","timestamp":"2026-04-21 10:13:38"}
{"level":"info","message":"GET /api/invoices/69d0d605850d75fd73240f92/download","service":"invoice-service","timestamp":"2026-04-21 10:13:44"}
{"level":"info","message":"GET /api/invoices","service":"invoice-service","timestamp":"2026-04-21 10:16:18"}
{"level":"info","message":"GET /api/invoices","service":"invoice-service","timestamp":"2026-04-21 10:16:21"}
{"level":"info","message":"GET /api/invoices/69d0e214d175d85bb251757e/download","service":"invoice-service","timestamp":"2026-04-21 10:16:30"}
{"level":"info","message":"GET /api/invoices","service":"invoice-service","timestamp":"2026-04-21 10:16:55"}
{"level":"info","message":"MongoDB connected successfully","service":"invoice-service","timestamp":"2026-04-21 15:49:54"}
{"level":"info","message":"🚀 Server running on port 5000","service":"invoice-service","timestamp":"2026-04-21 15:50:33"}
{"level":"info","message":"GET /api/search/history","service":"invoice-service","timestamp":"2026-04-21 15:52:35"}
{"level":"error","message":"[GET] /api/search/history - Invalid token","service":"invoice-service","timestamp":"2026-04-21 15:52:35"}
{"level":"info","message":"GET /api/invoices","service":"invoice-service","timestamp":"2026-04-21 15:52:35"}
{"level":"error","message":"[GET] /api/invoices - Invalid token","service":"invoice-service","timestamp":"2026-04-21 15:52:35"}
{"level":"info","message":"GET /api/auth/accessToken","service":"invoice-service","timestamp":"2026-04-21 15:52:35"}
{"level":"info","message":"GET /api/search/history","service":"invoice-service","timestamp":"2026-04-21 15:52:35"}
{"level":"info","message":"GET /api/invoices","service":"invoice-service","timestamp":"2026-04-21 15:52:35"}
{"level":"info","message":"POST /api/auth/login","service":"invoice-service","timestamp":"2026-04-21 15:53:38"}
{"level":"info","message":"GET /api/search/history","service":"invoice-service","timestamp":"2026-04-21 15:53:39"}
{"level":"info","message":"GET /api/invoices","service":"invoice-service","timestamp":"2026-04-21 15:53:39"}
{"level":"info","message":"GET /api/search/history","service":"invoice-service","timestamp":"2026-04-21 15:53:39"}
{"level":"info","message":"GET /api/invoices","service":"invoice-service","timestamp":"2026-04-21 15:54:00"}
{"level":"info","message":"PUT /api/invoices/69d0e214d175d85bb251757e","service":"invoice-service","timestamp":"2026-04-21 15:54:19"}
{"level":"info","message":"GET /api/invoices","service":"invoice-service","timestamp":"2026-04-21 15:54:19"}
{"level":"info","message":"GET /api/expenses","service":"invoice-service","timestamp":"2026-04-21 15:54:24"}
{"level":"info","message":"GET /api/sales","service":"invoice-service","timestamp":"2026-04-21 15:54:26"}
{"level":"info","message":"GET /api/notifications","service":"invoice-service","timestamp":"2026-04-21 15:54:31"}
{"level":"info","message":"GET /api/invoices","service":"invoice-service","timestamp":"2026-04-21 15:54:31"}
{"level":"info","message":"GET /api/clients","service":"invoice-service","timestamp":"2026-04-21 15:54:55"}
{"level":"info","message":"POST /api/clients","service":"invoice-service","timestamp":"2026-04-21 15:55:26"}
{"level":"info","message":"GET /api/clients","service":"invoice-service","timestamp":"2026-04-21 15:55:26"}
{"level":"info","message":"GET /api/invoices","service":"invoice-service","timestamp":"2026-04-21 15:55:37"}
{"level":"info","message":"GET /api/clients","service":"invoice-service","timestamp":"2026-04-21 15:55:39"}
{"level":"info","message":"GET /api/clients","service":"invoice-service","timestamp":"2026-04-21 15:55:39"}
{"level":"info","message":"GET /api/users","service":"invoice-service","timestamp":"2026-04-21 15:55:39"}
{"level":"info","message":"GET /api/users","service":"invoice-service","timestamp":"2026-04-21 15:55:39"}
{"level":"info","message":"POST /api/invoices?send=true","service":"invoice-service","timestamp":"2026-04-21 16:00:46"}
{"level":"info","message":"GET /api/invoices","service":"invoice-service","timestamp":"2026-04-21 16:00:47"}
{"level":"info","message":"PUT /api/invoices/69e7830e5329b71bb041e246","service":"invoice-service","timestamp":"2026-04-21 16:03:33"}
{"level":"info","message":"GET /api/invoices","service":"invoice-service","timestamp":"2026-04-21 16:03:33"}
{"level":"info","message":"GET /api/invoices","service":"invoice-service","timestamp":"2026-04-21 16:03:36"}
{"level":"info","message":"GET /api/notifications","service":"invoice-service","timestamp":"2026-04-21 16:03:36"}
{"level":"warn","message":"MongoDB disconnected","service":"invoice-service","timestamp":"2026-04-21 21:32:14"}
{"level":"info","message":"MongoDB connected successfully","service":"invoice-service","timestamp":"2026-04-21 22:13:36"}
{"level":"info","message":"🚀 Server running on port 5000","service":"invoice-service","timestamp":"2026-04-21 22:13:39"}
