{"level":"info","message":"MongoDB connected successfully","service":"invoice-service","timestamp":"2026-04-14 10:55:15"}
{"level":"info","message":"🚀 Server running on port 5000","service":"invoice-service","timestamp":"2026-04-14 10:55:18"}
{"level":"info","message":"POST /api/auth/login","service":"invoice-service","timestamp":"2026-04-14 11:24:24"}
{"level":"info","message":"GET /api/search/history","service":"invoice-service","timestamp":"2026-04-14 11:24:25"}
{"level":"info","message":"GET /api/invoices","service":"invoice-service","timestamp":"2026-04-14 11:24:25"}
{"level":"info","message":"GET /api/search/history","service":"invoice-service","timestamp":"2026-04-14 11:24:25"}
{"level":"info","message":"GET /api/invoices","service":"invoice-service","timestamp":"2026-04-14 11:25:29"}
{"level":"info","message":"GET /api/notifications","service":"invoice-service","timestamp":"2026-04-14 11:25:29"}
{"level":"info","message":"GET /api/invoices/69d0e346d175d85bb251758d","service":"invoice-service","timestamp":"2026-04-14 11:25:34"}
{"level":"info","message":"GET /api/users","service":"invoice-service","timestamp":"2026-04-14 11:25:35"}
{"level":"info","message":"GET /api/invoices/69d0e346d175d85bb251758d","service":"invoice-service","timestamp":"2026-04-14 11:28:44"}
{"level":"info","message":"GET /api/users","service":"invoice-service","timestamp":"2026-04-14 11:28:44"}
{"level":"info","message":"GET /api/invoices","service":"invoice-service","timestamp":"2026-04-14 11:55:42"}
{"level":"error","message":"[GET] /api/invoices - Invalid token","service":"invoice-service","timestamp":"2026-04-14 11:55:42"}
{"level":"info","message":"GET /api/auth/accessToken","service":"invoice-service","timestamp":"2026-04-14 11:55:42"}
{"level":"info","message":"GET /api/invoices","service":"invoice-service","timestamp":"2026-04-14 11:55:42"}
{"level":"info","message":"GET /api/notifications","service":"invoice-service","timestamp":"2026-04-14 11:55:42"}
{"level":"info","message":"GET /api/clients","service":"invoice-service","timestamp":"2026-04-14 11:55:46"}
{"level":"info","message":"GET /api/clients/69b82d9624a6e9bd92c1cf72","service":"invoice-service","timestamp":"2026-04-14 11:55:52"}
{"level":"info","message":"GET /api/clients/69b82d9624a6e9bd92c1cf72","service":"invoice-service","timestamp":"2026-04-14 11:55:52"}
{"level":"info","message":"GET /api/invoices","service":"invoice-service","timestamp":"2026-04-14 11:55:52"}
{"level":"info","message":"GET /api/invoices","service":"invoice-service","timestamp":"2026-04-14 11:55:52"}
{"level":"info","message":"GET /api/clients","service":"invoice-service","timestamp":"2026-04-14 11:56:10"}
{"level":"info","message":"GET /api/clients/69cb8a19c890e4477355dd84","service":"invoice-service","timestamp":"2026-04-14 11:56:13"}
{"level":"info","message":"GET /api/clients/69cb8a19c890e4477355dd84","service":"invoice-service","timestamp":"2026-04-14 11:56:13"}
{"level":"info","message":"GET /api/invoices","service":"invoice-service","timestamp":"2026-04-14 11:56:13"}
{"level":"info","message":"GET /api/invoices","service":"invoice-service","timestamp":"2026-04-14 11:56:13"}
{"level":"info","message":"GET /api/clients","service":"invoice-service","timestamp":"2026-04-14 11:56:33"}
{"level":"info","message":"GET /api/clients/69b82bdb24a6e9bd92c1cf33","service":"invoice-service","timestamp":"2026-04-14 11:56:41"}
{"level":"info","message":"GET /api/clients/69b82bdb24a6e9bd92c1cf33","service":"invoice-service","timestamp":"2026-04-14 11:56:41"}
{"level":"info","message":"GET /api/invoices","service":"invoice-service","timestamp":"2026-04-14 11:56:41"}
{"level":"info","message":"GET /api/invoices","service":"invoice-service","timestamp":"2026-04-14 11:56:41"}
{"level":"info","message":"GET /api/clients","service":"invoice-service","timestamp":"2026-04-14 11:56:44"}
{"level":"info","message":"GET /api/users","service":"invoice-service","timestamp":"2026-04-14 11:56:48"}
{"level":"info","message":"GET /api/users","service":"invoice-service","timestamp":"2026-04-14 11:56:48"}
{"level":"info","message":"GET /api/clients","service":"invoice-service","timestamp":"2026-04-14 11:57:02"}
{"level":"info","message":"GET /api/clients","service":"invoice-service","timestamp":"2026-04-14 11:57:02"}
{"level":"info","message":"GET /api/invoices","service":"invoice-service","timestamp":"2026-04-14 11:57:02"}
{"level":"info","message":"GET /api/invoices","service":"invoice-service","timestamp":"2026-04-14 11:57:02"}
{"level":"info","message":"GET /api/invoices","service":"invoice-service","timestamp":"2026-04-14 11:57:06"}
{"level":"info","message":"DELETE /api/invoices/69d10a1a4bf7f499d2f667f8","service":"invoice-service","timestamp":"2026-04-14 11:57:16"}
{"level":"info","message":"GET /api/invoices","service":"invoice-service","timestamp":"2026-04-14 11:57:16"}
{"level":"info","message":"GET /api/clients","service":"invoice-service","timestamp":"2026-04-14 11:57:21"}
{"level":"info","message":"GET /api/clients","service":"invoice-service","timestamp":"2026-04-14 11:57:21"}
{"level":"info","message":"GET /api/invoices","service":"invoice-service","timestamp":"2026-04-14 11:57:21"}
{"level":"info","message":"GET /api/invoices","service":"invoice-service","timestamp":"2026-04-14 11:57:21"}
{"level":"info","message":"GET /api/clients","service":"invoice-service","timestamp":"2026-04-14 11:57:25"}
{"level":"info","message":"GET /api/search/history","service":"invoice-service","timestamp":"2026-04-14 11:57:25"}
{"level":"info","message":"GET /api/invoices","service":"invoice-service","timestamp":"2026-04-14 11:57:25"}
{"level":"info","message":"GET /api/invoices","service":"invoice-service","timestamp":"2026-04-14 11:57:29"}
{"level":"info","message":"DELETE /api/invoices/69d10a1a4bf7f499d2f667f8","service":"invoice-service","timestamp":"2026-04-14 11:57:38"}
{"level":"info","message":"GET /api/invoices","service":"invoice-service","timestamp":"2026-04-14 11:57:38"}
{"level":"info","message":"GET /api/invoices","service":"invoice-service","timestamp":"2026-04-14 12:00:44"}
{"level":"info","message":"DELETE /api/invoices/69d10c308d6336a7095af67a","service":"invoice-service","timestamp":"2026-04-14 12:00:51"}
{"level":"info","message":"GET /api/invoices","service":"invoice-service","timestamp":"2026-04-14 12:00:51"}
{"level":"info","message":"GET /api/clients","service":"invoice-service","timestamp":"2026-04-14 12:00:57"}
{"level":"info","message":"GET /api/clients","service":"invoice-service","timestamp":"2026-04-14 12:00:57"}
{"level":"info","message":"GET /api/invoices","service":"invoice-service","timestamp":"2026-04-14 12:00:57"}
{"level":"info","message":"GET /api/invoices","service":"invoice-service","timestamp":"2026-04-14 12:00:57"}
{"level":"info","message":"GET /api/invoices","service":"invoice-service","timestamp":"2026-04-14 12:01:00"}
{"level":"info","message":"GET /api/invoices","service":"invoice-service","timestamp":"2026-04-14 12:02:02"}
{"level":"info","message":"GET /api/invoices","service":"invoice-service","timestamp":"2026-04-14 13:28:50"}
{"level":"error","message":"[GET] /api/invoices - Invalid token","service":"invoice-service","timestamp":"2026-04-14 13:28:50"}
{"level":"info","message":"GET /api/auth/accessToken","service":"invoice-service","timestamp":"2026-04-14 13:28:50"}
{"level":"info","message":"GET /api/invoices","service":"invoice-service","timestamp":"2026-04-14 13:28:50"}
{"level":"info","message":"GET /api/search/history","service":"invoice-service","timestamp":"2026-04-14 13:29:01"}
{"level":"info","message":"GET /api/invoices","service":"invoice-service","timestamp":"2026-04-14 13:29:01"}
{"level":"info","message":"DELETE /api/invoices/69d10c308d6336a7095af67a","service":"invoice-service","timestamp":"2026-04-14 13:29:08"}
{"level":"info","message":"GET /api/invoices","service":"invoice-service","timestamp":"2026-04-14 13:29:08"}
{"level":"info","message":"GET /api/clients","service":"invoice-service","timestamp":"2026-04-14 13:29:30"}
{"level":"info","message":"GET /api/clients","service":"invoice-service","timestamp":"2026-04-14 13:29:30"}
{"level":"info","message":"GET /api/invoices","service":"invoice-service","timestamp":"2026-04-14 13:29:30"}
{"level":"info","message":"GET /api/invoices","service":"invoice-service","timestamp":"2026-04-14 13:29:30"}
{"level":"info","message":"GET /api/search/history","service":"invoice-service","timestamp":"2026-04-14 13:30:56"}
{"level":"info","message":"GET /api/clients","service":"invoice-service","timestamp":"2026-04-14 13:30:56"}
{"level":"info","message":"GET /api/invoices","service":"invoice-service","timestamp":"2026-04-14 13:30:56"}
{"level":"info","message":"GET /api/invoices","service":"invoice-service","timestamp":"2026-04-14 13:31:00"}
{"level":"info","message":"MongoDB connected successfully","service":"invoice-service","timestamp":"2026-04-14 13:33:54"}
{"level":"info","message":"🚀 Server running on port 5000","service":"invoice-service","timestamp":"2026-04-14 13:33:56"}
{"level":"info","message":"MongoDB connected successfully","service":"invoice-service","timestamp":"2026-04-14 13:34:02"}
{"level":"info","message":"🚀 Server running on port 5000","service":"invoice-service","timestamp":"2026-04-14 13:34:04"}
{"level":"info","message":"GET /api/invoices","service":"invoice-service","timestamp":"2026-04-14 13:34:11"}
{"level":"info","message":"DELETE /api/invoices/69d10c308d6336a7095af67a","service":"invoice-service","timestamp":"2026-04-14 13:34:17"}
{"level":"info","message":"GET /api/invoices","service":"invoice-service","timestamp":"2026-04-14 13:34:17"}
{"level":"info","message":"GET /api/clients","service":"invoice-service","timestamp":"2026-04-14 13:34:20"}
{"level":"info","message":"GET /api/clients","service":"invoice-service","timestamp":"2026-04-14 13:34:20"}
{"level":"info","message":"GET /api/invoices","service":"invoice-service","timestamp":"2026-04-14 13:34:20"}
{"level":"info","message":"GET /api/invoices","service":"invoice-service","timestamp":"2026-04-14 13:34:20"}
{"level":"info","message":"PATCH /api/invoices/69d10c308d6336a7095af67a","service":"invoice-service","timestamp":"2026-04-14 13:34:28"}
{"level":"info","message":"MongoDB connected successfully","service":"invoice-service","timestamp":"2026-04-14 13:35:47"}
{"level":"info","message":"🚀 Server running on port 5000","service":"invoice-service","timestamp":"2026-04-14 13:35:49"}
{"level":"info","message":"MongoDB connected successfully","service":"invoice-service","timestamp":"2026-04-14 13:37:11"}
{"level":"info","message":"🚀 Server running on port 5000","service":"invoice-service","timestamp":"2026-04-14 13:37:13"}
{"level":"info","message":"MongoDB connected successfully","service":"invoice-service","timestamp":"2026-04-14 13:39:47"}
{"level":"info","message":"🚀 Server running on port 5000","service":"invoice-service","timestamp":"2026-04-14 13:39:49"}
{"level":"info","message":"MongoDB connected successfully","service":"invoice-service","timestamp":"2026-04-14 13:39:57"}
{"level":"info","message":"🚀 Server running on port 5000","service":"invoice-service","timestamp":"2026-04-14 13:39:59"}
{"level":"info","message":"MongoDB connected successfully","service":"invoice-service","timestamp":"2026-04-14 13:40:31"}
{"level":"info","message":"🚀 Server running on port 5000","service":"invoice-service","timestamp":"2026-04-14 13:40:33"}
{"level":"info","message":"MongoDB connected successfully","service":"invoice-service","timestamp":"2026-04-14 13:40:57"}
{"level":"info","message":"🚀 Server running on port 5000","service":"invoice-service","timestamp":"2026-04-14 13:40:59"}
{"level":"info","message":"MongoDB connected successfully","service":"invoice-service","timestamp":"2026-04-14 13:41:26"}
{"level":"info","message":"🚀 Server running on port 5000","service":"invoice-service","timestamp":"2026-04-14 13:41:28"}
{"level":"info","message":"DELETE /api/clients/69c072d0ffc7a178839b4dc7/permanent","service":"invoice-service","timestamp":"2026-04-14 13:42:11"}
{"level":"error","message":"[DELETE] /api/clients/69c072d0ffc7a178839b4dc7/permanent - deleteClientPermanently is not defined","service":"invoice-service","timestamp":"2026-04-14 13:42:11"}
{"level":"info","message":"MongoDB connected successfully","service":"invoice-service","timestamp":"2026-04-14 13:43:35"}
{"level":"info","message":"🚀 Server running on port 5000","service":"invoice-service","timestamp":"2026-04-14 13:43:37"}
{"level":"info","message":"GET /api/search/history","service":"invoice-service","timestamp":"2026-04-14 13:43:45"}
{"level":"info","message":"GET /api/clients","service":"invoice-service","timestamp":"2026-04-14 13:43:45"}
{"level":"info","message":"GET /api/invoices","service":"invoice-service","timestamp":"2026-04-14 13:43:46"}
{"level":"info","message":"DELETE /api/clients/69c072d0ffc7a178839b4dc7/permanent","service":"invoice-service","timestamp":"2026-04-14 13:43:47"}
{"level":"info","message":"GET /api/search/history","service":"invoice-service","timestamp":"2026-04-14 13:44:27"}
{"level":"error","message":"[GET] /api/search/history - Invalid token","service":"invoice-service","timestamp":"2026-04-14 13:44:27"}
{"level":"info","message":"GET /api/clients","service":"invoice-service","timestamp":"2026-04-14 13:44:27"}
{"level":"error","message":"[GET] /api/clients - Invalid token","service":"invoice-service","timestamp":"2026-04-14 13:44:27"}
{"level":"info","message":"GET /api/auth/accessToken","service":"invoice-service","timestamp":"2026-04-14 13:44:27"}
{"level":"info","message":"GET /api/search/history","service":"invoice-service","timestamp":"2026-04-14 13:44:27"}
{"level":"info","message":"GET /api/clients","service":"invoice-service","timestamp":"2026-04-14 13:44:27"}
{"level":"info","message":"GET /api/invoices","service":"invoice-service","timestamp":"2026-04-14 13:44:27"}
{"level":"info","message":"GET /api/invoices","service":"invoice-service","timestamp":"2026-04-14 13:44:32"}
{"level":"info","message":"DELETE /api/invoices/69d10a1a4bf7f499d2f667f8","service":"invoice-service","timestamp":"2026-04-14 13:44:43"}
{"level":"info","message":"GET /api/invoices","service":"invoice-service","timestamp":"2026-04-14 13:44:43"}
{"level":"info","message":"GET /api/clients","service":"invoice-service","timestamp":"2026-04-14 13:44:47"}
{"level":"info","message":"GET /api/clients","service":"invoice-service","timestamp":"2026-04-14 13:44:47"}
{"level":"info","message":"GET /api/invoices","service":"invoice-service","timestamp":"2026-04-14 13:44:47"}
{"level":"info","message":"GET /api/invoices","service":"invoice-service","timestamp":"2026-04-14 13:44:47"}
{"level":"info","message":"DELETE /api/invoices/69d10a1a4bf7f499d2f667f8/permanent","service":"invoice-service","timestamp":"2026-04-14 13:44:49"}
{"level":"info","message":"GET /api/clients","service":"invoice-service","timestamp":"2026-04-14 13:44:56"}
{"level":"info","message":"DELETE /api/clients/69b82bdb24a6e9bd92c1cf33","service":"invoice-service","timestamp":"2026-04-14 13:45:02"}
{"level":"info","message":"GET /api/clients","service":"invoice-service","timestamp":"2026-04-14 13:45:02"}
{"level":"info","message":"GET /api/clients","service":"invoice-service","timestamp":"2026-04-14 13:45:04"}
{"level":"info","message":"GET /api/clients","service":"invoice-service","timestamp":"2026-04-14 13:45:04"}
{"level":"info","message":"GET /api/invoices","service":"invoice-service","timestamp":"2026-04-14 13:45:04"}
{"level":"info","message":"GET /api/invoices","service":"invoice-service","timestamp":"2026-04-14 13:45:04"}
{"level":"info","message":"DELETE /api/clients/69b82bdb24a6e9bd92c1cf33/permanent","service":"invoice-service","timestamp":"2026-04-14 13:45:06"}
{"level":"info","message":"GET /api/users","service":"invoice-service","timestamp":"2026-04-14 13:45:25"}
{"level":"info","message":"GET /api/users","service":"invoice-service","timestamp":"2026-04-14 13:45:25"}
{"level":"info","message":"GET /api/clients","service":"invoice-service","timestamp":"2026-04-14 13:45:27"}
{"level":"info","message":"GET /api/clients","service":"invoice-service","timestamp":"2026-04-14 13:45:27"}
{"level":"info","message":"GET /api/invoices","service":"invoice-service","timestamp":"2026-04-14 13:45:27"}
{"level":"info","message":"GET /api/invoices","service":"invoice-service","timestamp":"2026-04-14 13:45:27"}
{"level":"info","message":"GET /api/invoices","service":"invoice-service","timestamp":"2026-04-14 13:45:28"}
{"level":"info","message":"GET /api/invoices","service":"invoice-service","timestamp":"2026-04-14 13:45:31"}
{"level":"info","message":"GET /api/notifications","service":"invoice-service","timestamp":"2026-04-14 13:45:31"}
{"level":"info","message":"GET /api/invoices","service":"invoice-service","timestamp":"2026-04-14 13:45:37"}
{"level":"info","message":"GET /api/invoices","service":"invoice-service","timestamp":"2026-04-14 13:45:39"}
{"level":"info","message":"GET /api/search/history","service":"invoice-service","timestamp":"2026-04-14 13:47:57"}
{"level":"info","message":"GET /api/invoices","service":"invoice-service","timestamp":"2026-04-14 13:47:57"}
{"level":"info","message":"GET /api/search/history","service":"invoice-service","timestamp":"2026-04-14 13:48:40"}
{"level":"info","message":"GET /api/invoices","service":"invoice-service","timestamp":"2026-04-14 13:48:40"}
{"level":"info","message":"GET /api/clients","service":"invoice-service","timestamp":"2026-04-14 13:48:43"}
{"level":"info","message":"GET /api/users","service":"invoice-service","timestamp":"2026-04-14 13:48:43"}
{"level":"info","message":"GET /api/clients","service":"invoice-service","timestamp":"2026-04-14 13:48:43"}
{"level":"info","message":"GET /api/users","service":"invoice-service","timestamp":"2026-04-14 13:48:43"}
{"level":"warn","message":"MongoDB disconnected","service":"invoice-service","timestamp":"2026-04-14 18:23:40"}
{"level":"info","message":"MongoDB connected successfully","service":"invoice-service","timestamp":"2026-04-14 18:25:21"}
