{"level":"info","message":"MongoDB connected successfully","service":"invoice-service","timestamp":"2026-04-22 10:07:12"}
{"level":"info","message":"🚀 Server running on port 5000","service":"invoice-service","timestamp":"2026-04-22 10:07:15"}
{"level":"info","message":"POST /api/auth/login","service":"invoice-service","timestamp":"2026-04-22 10:10:08"}
{"level":"info","message":"GET /api/search/history","service":"invoice-service","timestamp":"2026-04-22 10:10:09"}
{"level":"info","message":"GET /api/invoices","service":"invoice-service","timestamp":"2026-04-22 10:10:09"}
{"level":"info","message":"GET /api/search/history","service":"invoice-service","timestamp":"2026-04-22 10:10:09"}
{"level":"info","message":"GET /api/invoices","service":"invoice-service","timestamp":"2026-04-22 10:10:42"}
{"level":"info","message":"PUT /api/invoices/69d0d605850d75fd73240f92","service":"invoice-service","timestamp":"2026-04-22 10:11:00"}
{"level":"info","message":"GET /api/invoices","service":"invoice-service","timestamp":"2026-04-22 10:11:00"}
{"level":"info","message":"GET /api/sales","service":"invoice-service","timestamp":"2026-04-22 10:11:04"}
{"level":"info","message":"DELETE /api/sales/69e61189f0f145c59eb9dc97","service":"invoice-service","timestamp":"2026-04-22 10:11:15"}
{"level":"error","message":"[DELETE] /api/sales/69e61189f0f145c59eb9dc97 - Cannot delete sales generated from invoices","service":"invoice-service","timestamp":"2026-04-22 10:11:15"}
{"level":"info","message":"GET /api/sales","service":"invoice-service","timestamp":"2026-04-22 10:11:46"}
{"level":"info","message":"GET /api/sales","service":"invoice-service","timestamp":"2026-04-22 10:16:20"}
{"level":"info","message":"GET /api/sales","service":"invoice-service","timestamp":"2026-04-22 10:22:33"}
{"level":"info","message":"GET /api/sales","service":"invoice-service","timestamp":"2026-04-22 10:23:02"}
{"level":"info","message":"GET /api/sales","service":"invoice-service","timestamp":"2026-04-22 10:23:32"}
{"level":"info","message":"GET /api/sales","service":"invoice-service","timestamp":"2026-04-22 10:24:22"}
{"level":"info","message":"POST /api/sales","service":"invoice-service","timestamp":"2026-04-22 10:25:10"}
{"level":"error","message":"[POST] /api/sales - Invalid token","service":"invoice-service","timestamp":"2026-04-22 10:25:10"}
{"level":"info","message":"GET /api/auth/accessToken","service":"invoice-service","timestamp":"2026-04-22 10:25:10"}
{"level":"info","message":"POST /api/sales","service":"invoice-service","timestamp":"2026-04-22 10:25:10"}
{"level":"info","message":"POST /api/sales","service":"invoice-service","timestamp":"2026-04-22 10:25:33"}
{"level":"info","message":"POST /api/sales","service":"invoice-service","timestamp":"2026-04-22 10:25:54"}
{"level":"info","message":"GET /api/sales","service":"invoice-service","timestamp":"2026-04-22 10:35:50"}
{"level":"info","message":"POST /api/sales","service":"invoice-service","timestamp":"2026-04-22 10:36:19"}
{"level":"info","message":"GET /api/sales","service":"invoice-service","timestamp":"2026-04-22 10:37:44"}
{"level":"info","message":"POST /api/sales","service":"invoice-service","timestamp":"2026-04-22 10:38:01"}
{"level":"info","message":"POST /api/sales","service":"invoice-service","timestamp":"2026-04-22 10:38:08"}
{"level":"info","message":"GET /api/sales","service":"invoice-service","timestamp":"2026-04-22 10:38:08"}
{"level":"info","message":"DELETE /api/sales/69e888f057acf69214dfbf38","service":"invoice-service","timestamp":"2026-04-22 10:38:20"}
{"level":"info","message":"GET /api/sales","service":"invoice-service","timestamp":"2026-04-22 10:38:21"}
{"level":"info","message":"MongoDB connected successfully","service":"invoice-service","timestamp":"2026-04-22 10:38:47"}
{"level":"info","message":"🚀 Server running on port 5000","service":"invoice-service","timestamp":"2026-04-22 10:38:50"}
{"level":"info","message":"MongoDB connected successfully","service":"invoice-service","timestamp":"2026-04-22 10:58:21"}
{"level":"info","message":"🚀 Server running on port 5000","service":"invoice-service","timestamp":"2026-04-22 10:58:23"}
{"level":"info","message":"POST /api/auth/login","service":"invoice-service","timestamp":"2026-04-22 10:59:47"}
{"level":"info","message":"GET /api/search/history","service":"invoice-service","timestamp":"2026-04-22 10:59:48"}
{"level":"info","message":"GET /api/invoices","service":"invoice-service","timestamp":"2026-04-22 10:59:48"}
{"level":"info","message":"GET /api/search/history","service":"invoice-service","timestamp":"2026-04-22 10:59:48"}
{"level":"info","message":"GET /api/sales","service":"invoice-service","timestamp":"2026-04-22 10:59:53"}
{"level":"info","message":"GET /api/sales","service":"invoice-service","timestamp":"2026-04-22 11:03:10"}
{"level":"info","message":"GET /api/sales","service":"invoice-service","timestamp":"2026-04-22 11:04:51"}
{"level":"info","message":"POST /api/sales","service":"invoice-service","timestamp":"2026-04-22 11:05:18"}
{"level":"info","message":"POST /api/sales","service":"invoice-service","timestamp":"2026-04-22 11:05:28"}
{"level":"info","message":"GET /api/sales","service":"invoice-service","timestamp":"2026-04-22 11:05:28"}
{"level":"info","message":"GET /api/finance/stats","service":"invoice-service","timestamp":"2026-04-22 11:05:39"}
{"level":"info","message":"GET /api/finance/monthly","service":"invoice-service","timestamp":"2026-04-22 11:05:39"}
{"level":"info","message":"GET /api/expenses","service":"invoice-service","timestamp":"2026-04-22 11:05:39"}
{"level":"info","message":"GET /api/sales","service":"invoice-service","timestamp":"2026-04-22 11:05:39"}
{"level":"info","message":"GET /api/expenses","service":"invoice-service","timestamp":"2026-04-22 11:06:11"}
{"level":"info","message":"GET /api/finance/monthly","service":"invoice-service","timestamp":"2026-04-22 11:06:11"}
{"level":"info","message":"GET /api/finance/stats","service":"invoice-service","timestamp":"2026-04-22 11:06:11"}
{"level":"info","message":"GET /api/sales","service":"invoice-service","timestamp":"2026-04-22 11:06:11"}
{"level":"info","message":"GET /api/search/history","service":"invoice-service","timestamp":"2026-04-22 11:06:11"}
{"level":"info","message":"GET /api/finance/stats","service":"invoice-service","timestamp":"2026-04-22 11:07:44"}
{"level":"info","message":"GET /api/finance/monthly","service":"invoice-service","timestamp":"2026-04-22 11:07:44"}
{"level":"info","message":"GET /api/expenses","service":"invoice-service","timestamp":"2026-04-22 11:07:44"}
{"level":"info","message":"GET /api/sales","service":"invoice-service","timestamp":"2026-04-22 11:07:44"}
{"level":"info","message":"GET /api/finance/stats","service":"invoice-service","timestamp":"2026-04-22 11:08:29"}
{"level":"info","message":"GET /api/finance/monthly","service":"invoice-service","timestamp":"2026-04-22 11:08:29"}
{"level":"info","message":"GET /api/expenses","service":"invoice-service","timestamp":"2026-04-22 11:08:29"}
{"level":"info","message":"GET /api/sales","service":"invoice-service","timestamp":"2026-04-22 11:08:29"}
{"level":"info","message":"GET /api/sales","service":"invoice-service","timestamp":"2026-04-22 11:09:05"}
{"level":"info","message":"GET /api/sales","service":"invoice-service","timestamp":"2026-04-22 11:10:35"}
{"level":"info","message":"GET /api/expenses","service":"invoice-service","timestamp":"2026-04-22 11:11:07"}
{"level":"info","message":"DELETE /api/expenses/69e613f3022cef9bc06d43e0","service":"invoice-service","timestamp":"2026-04-22 11:11:24"}
{"level":"info","message":"GET /api/expenses","service":"invoice-service","timestamp":"2026-04-22 11:11:24"}
{"level":"info","message":"GET /api/sales","service":"invoice-service","timestamp":"2026-04-22 11:11:43"}
{"level":"info","message":"GET /api/sales","service":"invoice-service","timestamp":"2026-04-22 11:11:45"}
{"level":"info","message":"GET /api/finance/stats","service":"invoice-service","timestamp":"2026-04-22 11:11:45"}
{"level":"info","message":"GET /api/finance/monthly","service":"invoice-service","timestamp":"2026-04-22 11:11:45"}
{"level":"info","message":"GET /api/expenses","service":"invoice-service","timestamp":"2026-04-22 11:11:45"}
{"level":"info","message":"GET /api/sales","service":"invoice-service","timestamp":"2026-04-22 11:11:49"}
{"level":"info","message":"GET /api/sales","service":"invoice-service","timestamp":"2026-04-22 11:11:52"}
{"level":"info","message":"GET /api/finance/stats","service":"invoice-service","timestamp":"2026-04-22 11:11:52"}
{"level":"info","message":"GET /api/finance/monthly","service":"invoice-service","timestamp":"2026-04-22 11:11:52"}
{"level":"info","message":"GET /api/expenses","service":"invoice-service","timestamp":"2026-04-22 11:11:52"}
{"level":"info","message":"GET /api/invoices","service":"invoice-service","timestamp":"2026-04-22 11:12:09"}
{"level":"info","message":"GET /api/notifications","service":"invoice-service","timestamp":"2026-04-22 11:12:09"}
{"level":"info","message":"GET /api/notifications","service":"invoice-service","timestamp":"2026-04-22 11:13:34"}
{"level":"info","message":"GET /api/invoices","service":"invoice-service","timestamp":"2026-04-22 11:13:34"}
{"level":"info","message":"GET /api/invoices","service":"invoice-service","timestamp":"2026-04-22 11:14:52"}
{"level":"error","message":"[GET] /api/invoices - Invalid token","service":"invoice-service","timestamp":"2026-04-22 11:14:52"}
{"level":"info","message":"GET /api/users","service":"invoice-service","timestamp":"2026-04-22 11:14:52"}
{"level":"error","message":"[GET] /api/users - Invalid token","service":"invoice-service","timestamp":"2026-04-22 11:14:52"}
{"level":"info","message":"GET /api/users","service":"invoice-service","timestamp":"2026-04-22 11:14:52"}
{"level":"error","message":"[GET] /api/users - Invalid token","service":"invoice-service","timestamp":"2026-04-22 11:14:52"}
{"level":"info","message":"GET /api/auth/accessToken","service":"invoice-service","timestamp":"2026-04-22 11:14:52"}
{"level":"info","message":"GET /api/invoices","service":"invoice-service","timestamp":"2026-04-22 11:14:52"}
{"level":"info","message":"GET /api/users","service":"invoice-service","timestamp":"2026-04-22 11:14:52"}
{"level":"info","message":"GET /api/users","service":"invoice-service","timestamp":"2026-04-22 11:14:52"}
{"level":"info","message":"GET /api/invoices","service":"invoice-service","timestamp":"2026-04-22 11:17:17"}
{"level":"info","message":"GET /api/invoices","service":"invoice-service","timestamp":"2026-04-22 11:17:20"}
{"level":"info","message":"GET /api/invoices","service":"invoice-service","timestamp":"2026-04-22 11:17:46"}
{"level":"info","message":"GET /api/invoices","service":"invoice-service","timestamp":"2026-04-22 11:17:48"}
{"level":"info","message":"GET /api/invoices","service":"invoice-service","timestamp":"2026-04-22 11:18:32"}
{"level":"info","message":"GET /api/invoices","service":"invoice-service","timestamp":"2026-04-22 11:18:34"}
{"level":"info","message":"GET /api/search/history","service":"invoice-service","timestamp":"2026-04-22 11:18:53"}
{"level":"info","message":"GET /api/users","service":"invoice-service","timestamp":"2026-04-22 11:18:53"}
{"level":"info","message":"GET /api/invoices","service":"invoice-service","timestamp":"2026-04-22 11:18:53"}
{"level":"info","message":"GET /api/invoices","service":"invoice-service","timestamp":"2026-04-22 11:19:13"}
{"level":"info","message":"GET /api/invoices","service":"invoice-service","timestamp":"2026-04-22 11:19:16"}
{"level":"info","message":"GET /api/search/history","service":"invoice-service","timestamp":"2026-04-22 11:19:23"}
{"level":"info","message":"GET /api/invoices","service":"invoice-service","timestamp":"2026-04-22 11:19:23"}
{"level":"info","message":"GET /api/users","service":"invoice-service","timestamp":"2026-04-22 11:19:23"}
{"level":"info","message":"GET /api/invoices","service":"invoice-service","timestamp":"2026-04-22 11:19:52"}
{"level":"info","message":"GET /api/invoices","service":"invoice-service","timestamp":"2026-04-22 11:19:59"}
{"level":"info","message":"GET /api/users","service":"invoice-service","timestamp":"2026-04-22 11:21:31"}
{"level":"info","message":"GET /api/users","service":"invoice-service","timestamp":"2026-04-22 11:21:31"}
{"level":"info","message":"GET /api/search/history","service":"invoice-service","timestamp":"2026-04-22 11:25:30"}
{"level":"info","message":"GET /api/users","service":"invoice-service","timestamp":"2026-04-22 11:25:30"}
{"level":"info","message":"GET /api/search/history","service":"invoice-service","timestamp":"2026-04-22 11:25:31"}
{"level":"info","message":"GET /api/users","service":"invoice-service","timestamp":"2026-04-22 11:25:31"}
{"level":"info","message":"GET /api/search/history","service":"invoice-service","timestamp":"2026-04-22 11:26:10"}
{"level":"info","message":"GET /api/users","service":"invoice-service","timestamp":"2026-04-22 11:26:10"}
{"level":"info","message":"GET /api/search/history","service":"invoice-service","timestamp":"2026-04-22 11:26:22"}
{"level":"info","message":"GET /api/users","service":"invoice-service","timestamp":"2026-04-22 11:26:22"}
{"level":"info","message":"GET /api/search/history","service":"invoice-service","timestamp":"2026-04-22 11:26:27"}
{"level":"info","message":"GET /api/users","service":"invoice-service","timestamp":"2026-04-22 11:26:27"}
{"level":"info","message":"GET /api/search/history","service":"invoice-service","timestamp":"2026-04-22 11:26:53"}
{"level":"info","message":"GET /api/users","service":"invoice-service","timestamp":"2026-04-22 11:26:53"}
{"level":"info","message":"GET /api/search/history","service":"invoice-service","timestamp":"2026-04-22 11:27:18"}
{"level":"info","message":"GET /api/users","service":"invoice-service","timestamp":"2026-04-22 11:27:18"}
{"level":"info","message":"GET /api/users","service":"invoice-service","timestamp":"2026-04-22 11:27:23"}
{"level":"info","message":"GET /api/invoices","service":"invoice-service","timestamp":"2026-04-22 11:27:23"}
{"level":"info","message":"GET /api/users","service":"invoice-service","timestamp":"2026-04-22 11:27:23"}
{"level":"info","message":"GET /api/invoices","service":"invoice-service","timestamp":"2026-04-22 11:28:17"}
{"level":"info","message":"GET /api/invoices","service":"invoice-service","timestamp":"2026-04-22 11:28:20"}
{"level":"info","message":"GET /api/invoices","service":"invoice-service","timestamp":"2026-04-22 11:28:49"}
{"level":"info","message":"GET /api/users","service":"invoice-service","timestamp":"2026-04-22 11:28:56"}
{"level":"info","message":"GET /api/users","service":"invoice-service","timestamp":"2026-04-22 11:28:56"}
{"level":"info","message":"POST /api/auth/login","service":"invoice-service","timestamp":"2026-04-22 12:52:48"}
{"level":"info","message":"GET /api/search/history","service":"invoice-service","timestamp":"2026-04-22 12:52:49"}
{"level":"info","message":"GET /api/invoices","service":"invoice-service","timestamp":"2026-04-22 12:52:49"}
{"level":"info","message":"GET /api/search/history","service":"invoice-service","timestamp":"2026-04-22 12:52:49"}
{"level":"info","message":"GET /api/notifications","service":"invoice-service","timestamp":"2026-04-22 12:53:29"}
{"level":"info","message":"GET /api/invoices","service":"invoice-service","timestamp":"2026-04-22 12:53:29"}
{"level":"info","message":"GET /api/search/history","service":"invoice-service","timestamp":"2026-04-22 12:54:11"}
{"level":"info","message":"GET /api/users","service":"invoice-service","timestamp":"2026-04-22 12:54:11"}
{"level":"info","message":"MongoDB connected successfully","service":"invoice-service","timestamp":"2026-04-22 13:10:21"}
{"level":"info","message":"MongoDB connected successfully","service":"invoice-service","timestamp":"2026-04-22 14:42:06"}
{"level":"info","message":"🚀 Server running on port 5000","service":"invoice-service","timestamp":"2026-04-22 14:42:08"}
{"level":"info","message":"POST /api/auth/login","service":"invoice-service","timestamp":"2026-04-22 14:44:34"}
{"level":"info","message":"GET /api/invoices","service":"invoice-service","timestamp":"2026-04-22 14:44:34"}
{"level":"info","message":"GET /api/search/history","service":"invoice-service","timestamp":"2026-04-22 14:44:34"}
{"level":"info","message":"GET /api/search/history","service":"invoice-service","timestamp":"2026-04-22 14:44:34"}
{"level":"info","message":"GET /api/expenses","service":"invoice-service","timestamp":"2026-04-22 14:44:42"}
{"level":"info","message":"GET /api/sales","service":"invoice-service","timestamp":"2026-04-22 14:44:47"}
{"level":"info","message":"GET /api/sales","service":"invoice-service","timestamp":"2026-04-22 14:46:01"}
{"level":"info","message":"GET /api/sales","service":"invoice-service","timestamp":"2026-04-22 14:46:12"}
{"level":"info","message":"GET /api/search/history","service":"invoice-service","timestamp":"2026-04-22 14:57:09"}
{"level":"info","message":"GET /api/sales","service":"invoice-service","timestamp":"2026-04-22 14:57:09"}
{"level":"info","message":"POST /api/auth/forgot-password","service":"invoice-service","timestamp":"2026-04-22 15:08:31"}
{"level":"info","message":"POST /api/auth/forgot-password","service":"invoice-service","timestamp":"2026-04-22 15:08:35"}
{"level":"info","message":"POST /api/auth/forgot-password","service":"invoice-service","timestamp":"2026-04-22 15:08:47"}
{"level":"info","message":"MongoDB connected successfully","service":"invoice-service","timestamp":"2026-04-22 15:17:13"}
{"level":"info","message":"🚀 Server running on port 5000","service":"invoice-service","timestamp":"2026-04-22 15:17:16"}
{"level":"info","message":"MongoDB connected successfully","service":"invoice-service","timestamp":"2026-04-22 15:17:23"}
{"level":"info","message":"🚀 Server running on port 5000","service":"invoice-service","timestamp":"2026-04-22 15:17:25"}
{"level":"info","message":"POST /api/auth/reset-password","service":"invoice-service","timestamp":"2026-04-22 15:22:51"}
{"level":"error","message":"[POST] /api/auth/reset-password - Invalid or expired reset token","service":"invoice-service","timestamp":"2026-04-22 15:22:51"}
{"level":"info","message":"POST /api/auth/forgot-password","service":"invoice-service","timestamp":"2026-04-22 15:28:53"}
{"level":"info","message":"POST /api/auth/forgot-password","service":"invoice-service","timestamp":"2026-04-22 15:30:00"}
{"level":"info","message":"POST /api/auth/reset-password","service":"invoice-service","timestamp":"2026-04-22 15:31:09"}
{"level":"error","message":"[POST] /api/auth/reset-password - Invalid or expired reset token","service":"invoice-service","timestamp":"2026-04-22 15:31:09"}
{"level":"info","message":"MongoDB connected successfully","service":"invoice-service","timestamp":"2026-04-22 15:34:09"}
{"level":"info","message":"🚀 Server running on port 5000","service":"invoice-service","timestamp":"2026-04-22 15:34:12"}
{"level":"info","message":"POST /api/auth/forgot-password","service":"invoice-service","timestamp":"2026-04-22 15:35:00"}
{"level":"info","message":"POST /api/auth/reset-password","service":"invoice-service","timestamp":"2026-04-22 15:35:59"}
{"level":"error","message":"[POST] /api/auth/reset-password - Invalid or expired reset token","service":"invoice-service","timestamp":"2026-04-22 15:35:59"}
{"level":"info","message":"MongoDB connected successfully","service":"invoice-service","timestamp":"2026-04-22 15:37:40"}
{"level":"info","message":"🚀 Server running on port 5000","service":"invoice-service","timestamp":"2026-04-22 15:37:42"}
{"level":"info","message":"POST /api/auth/reset-password","service":"invoice-service","timestamp":"2026-04-22 15:37:47"}
{"level":"error","message":"[POST] /api/auth/reset-password - Invalid or expired reset token","service":"invoice-service","timestamp":"2026-04-22 15:37:47"}
{"level":"info","message":"MongoDB connected successfully","service":"invoice-service","timestamp":"2026-04-22 15:38:29"}
{"level":"info","message":"🚀 Server running on port 5000","service":"invoice-service","timestamp":"2026-04-22 15:38:32"}
{"level":"info","message":"POST /api/auth/reset-password","service":"invoice-service","timestamp":"2026-04-22 15:38:38"}
{"level":"info","message":"POST /api/auth/login","service":"invoice-service","timestamp":"2026-04-22 15:40:19"}
{"level":"error","message":"[POST] /api/auth/login - Invalid credetials","service":"invoice-service","timestamp":"2026-04-22 15:40:19"}
{"level":"info","message":"POST /api/auth/login","service":"invoice-service","timestamp":"2026-04-22 15:41:01"}
{"level":"info","message":"GET /api/search/history","service":"invoice-service","timestamp":"2026-04-22 15:41:02"}
{"level":"info","message":"GET /api/invoices","service":"invoice-service","timestamp":"2026-04-22 15:41:02"}
{"level":"info","message":"GET /api/search/history","service":"invoice-service","timestamp":"2026-04-22 15:41:02"}
{"level":"info","message":"GET /api/invoices","service":"invoice-service","timestamp":"2026-04-22 15:43:08"}
{"level":"info","message":"GET /api/notifications","service":"invoice-service","timestamp":"2026-04-22 15:43:08"}
{"level":"info","message":"GET /api/search/history","service":"invoice-service","timestamp":"2026-04-22 15:43:17"}
{"level":"info","message":"GET /api/invoices","service":"invoice-service","timestamp":"2026-04-22 15:43:17"}
{"level":"info","message":"POST /api/auth/forgot-password","service":"invoice-service","timestamp":"2026-04-22 15:44:13"}
{"level":"info","message":"POST /api/auth/reset-password","service":"invoice-service","timestamp":"2026-04-22 15:44:54"}
{"level":"info","message":"POST /api/auth/reset-password","service":"invoice-service","timestamp":"2026-04-22 15:46:17"}
{"level":"info","message":"MongoDB connected successfully","service":"invoice-service","timestamp":"2026-04-22 15:48:00"}
{"level":"info","message":"🚀 Server running on port 5000","service":"invoice-service","timestamp":"2026-04-22 15:48:03"}
{"level":"info","message":"POST /api/auth/forgot-password","service":"invoice-service","timestamp":"2026-04-22 15:52:24"}
{"level":"info","message":"POST /api/auth/reset-password","service":"invoice-service","timestamp":"2026-04-22 15:52:57"}
{"level":"error","message":"[POST] /api/auth/reset-password - Invalid or expired reset token","service":"invoice-service","timestamp":"2026-04-22 15:52:57"}
{"level":"info","message":"MongoDB connected successfully","service":"invoice-service","timestamp":"2026-04-22 15:58:21"}
{"level":"info","message":"🚀 Server running on port 5000","service":"invoice-service","timestamp":"2026-04-22 15:58:25"}
{"level":"info","message":"POST /api/auth/reset-password","service":"invoice-service","timestamp":"2026-04-22 15:58:28"}
{"level":"error","message":"[POST] /api/auth/reset-password - Invalid or expired reset token","service":"invoice-service","timestamp":"2026-04-22 15:58:28"}
{"level":"info","message":"MongoDB connected successfully","service":"invoice-service","timestamp":"2026-04-22 15:59:27"}
{"level":"info","message":"🚀 Server running on port 5000","service":"invoice-service","timestamp":"2026-04-22 15:59:30"}
{"level":"info","message":"POST /api/auth/reset-password","service":"invoice-service","timestamp":"2026-04-22 15:59:40"}
{"level":"error","message":"[POST] /api/auth/reset-password - Invalid or expired reset token","service":"invoice-service","timestamp":"2026-04-22 15:59:40"}
{"level":"info","message":"MongoDB connected successfully","service":"invoice-service","timestamp":"2026-04-22 16:00:48"}
{"level":"info","message":"🚀 Server running on port 5000","service":"invoice-service","timestamp":"2026-04-22 16:00:51"}
{"level":"info","message":"MongoDB connected successfully","service":"invoice-service","timestamp":"2026-04-22 16:01:18"}
{"level":"info","message":"🚀 Server running on port 5000","service":"invoice-service","timestamp":"2026-04-22 16:01:20"}
{"level":"info","message":"POST /api/auth/forgot-password","service":"invoice-service","timestamp":"2026-04-22 16:01:32"}
{"level":"info","message":"MongoDB connected successfully","service":"invoice-service","timestamp":"2026-04-22 16:02:27"}
{"level":"info","message":"🚀 Server running on port 5000","service":"invoice-service","timestamp":"2026-04-22 16:02:31"}
{"level":"info","message":"POST /api/auth/reset-password","service":"invoice-service","timestamp":"2026-04-22 16:02:48"}
{"level":"error","message":"[POST] /api/auth/reset-password - Invalid or expired reset token","service":"invoice-service","timestamp":"2026-04-22 16:02:48"}
{"level":"info","message":"MongoDB connected successfully","service":"invoice-service","timestamp":"2026-04-22 16:03:11"}
{"level":"info","message":"🚀 Server running on port 5000","service":"invoice-service","timestamp":"2026-04-22 16:03:13"}
{"level":"info","message":"MongoDB connected successfully","service":"invoice-service","timestamp":"2026-04-22 16:03:33"}
{"level":"info","message":"🚀 Server running on port 5000","service":"invoice-service","timestamp":"2026-04-22 16:03:35"}
{"level":"info","message":"POST /api/auth/forgot-password","service":"invoice-service","timestamp":"2026-04-22 16:03:51"}
{"level":"info","message":"POST /api/auth/reset-password","service":"invoice-service","timestamp":"2026-04-22 16:04:18"}
{"level":"error","message":"[POST] /api/auth/reset-password - Invalid or expired reset token","service":"invoice-service","timestamp":"2026-04-22 16:04:18"}
{"level":"info","message":"POST /api/auth/reset-password","service":"invoice-service","timestamp":"2026-04-22 16:04:21"}
{"level":"error","message":"[POST] /api/auth/reset-password - Invalid or expired reset token","service":"invoice-service","timestamp":"2026-04-22 16:04:21"}
{"level":"info","message":"MongoDB connected successfully","service":"invoice-service","timestamp":"2026-04-22 16:05:34"}
{"level":"info","message":"🚀 Server running on port 5000","service":"invoice-service","timestamp":"2026-04-22 16:05:37"}
{"level":"info","message":"POST /api/auth/reset-password","service":"invoice-service","timestamp":"2026-04-22 16:05:43"}
{"level":"error","message":"[POST] /api/auth/reset-password - Invalid or expired reset token","service":"invoice-service","timestamp":"2026-04-22 16:05:43"}
{"level":"info","message":"POST /api/auth/reset-password","service":"invoice-service","timestamp":"2026-04-22 16:05:45"}
{"level":"error","message":"[POST] /api/auth/reset-password - Invalid or expired reset token","service":"invoice-service","timestamp":"2026-04-22 16:05:45"}
{"level":"info","message":"MongoDB connected successfully","service":"invoice-service","timestamp":"2026-04-22 16:06:06"}
{"level":"info","message":"🚀 Server running on port 5000","service":"invoice-service","timestamp":"2026-04-22 16:06:09"}
{"level":"info","message":"MongoDB connected successfully","service":"invoice-service","timestamp":"2026-04-22 16:06:27"}
{"level":"info","message":"🚀 Server running on port 5000","service":"invoice-service","timestamp":"2026-04-22 16:06:30"}
{"level":"info","message":"POST /api/auth/reset-password","service":"invoice-service","timestamp":"2026-04-22 16:06:37"}
{"level":"error","message":"[POST] /api/auth/reset-password - Invalid or expired reset token","service":"invoice-service","timestamp":"2026-04-22 16:06:37"}
{"level":"info","message":"POST /api/auth/reset-password","service":"invoice-service","timestamp":"2026-04-22 16:06:38"}
{"level":"error","message":"[POST] /api/auth/reset-password - Invalid or expired reset token","service":"invoice-service","timestamp":"2026-04-22 16:06:38"}
{"level":"info","message":"MongoDB connected successfully","service":"invoice-service","timestamp":"2026-04-22 16:07:31"}
{"level":"info","message":"🚀 Server running on port 5000","service":"invoice-service","timestamp":"2026-04-22 16:07:33"}
{"level":"info","message":"MongoDB connected successfully","service":"invoice-service","timestamp":"2026-04-22 16:07:57"}
{"level":"info","message":"🚀 Server running on port 5000","service":"invoice-service","timestamp":"2026-04-22 16:08:00"}
{"level":"info","message":"POST /api/auth/forgot-password","service":"invoice-service","timestamp":"2026-04-22 16:08:29"}
{"level":"info","message":"POST /api/auth/reset-password","service":"invoice-service","timestamp":"2026-04-22 16:08:52"}
{"level":"error","message":"[POST] /api/auth/reset-password - Invalid or expired reset token","service":"invoice-service","timestamp":"2026-04-22 16:08:52"}
{"level":"info","message":"MongoDB connected successfully","service":"invoice-service","timestamp":"2026-04-22 16:09:46"}
{"level":"info","message":"🚀 Server running on port 5000","service":"invoice-service","timestamp":"2026-04-22 16:09:49"}
{"level":"info","message":"POST /api/auth/reset-password","service":"invoice-service","timestamp":"2026-04-22 16:09:53"}
{"level":"error","message":"[POST] /api/auth/reset-password - Invalid or expired reset token","service":"invoice-service","timestamp":"2026-04-22 16:09:53"}
{"level":"info","message":"MongoDB connected successfully","service":"invoice-service","timestamp":"2026-04-22 16:10:19"}
{"level":"info","message":"🚀 Server running on port 5000","service":"invoice-service","timestamp":"2026-04-22 16:10:22"}
{"level":"info","message":"POST /api/auth/reset-password","service":"invoice-service","timestamp":"2026-04-22 16:10:25"}
{"level":"error","message":"[POST] /api/auth/reset-password - Invalid or expired reset token","service":"invoice-service","timestamp":"2026-04-22 16:10:25"}
{"level":"info","message":"MongoDB connected successfully","service":"invoice-service","timestamp":"2026-04-22 16:10:39"}
{"level":"info","message":"🚀 Server running on port 5000","service":"invoice-service","timestamp":"2026-04-22 16:10:42"}
{"level":"info","message":"POST /api/auth/reset-password","service":"invoice-service","timestamp":"2026-04-22 16:10:48"}
{"level":"error","message":"[POST] /api/auth/reset-password - Invalid or expired reset token","service":"invoice-service","timestamp":"2026-04-22 16:10:48"}
{"level":"info","message":"POST /api/auth/reset-password","service":"invoice-service","timestamp":"2026-04-22 16:10:50"}
{"level":"error","message":"[POST] /api/auth/reset-password - Invalid or expired reset token","service":"invoice-service","timestamp":"2026-04-22 16:10:50"}
{"level":"info","message":"MongoDB connected successfully","service":"invoice-service","timestamp":"2026-04-22 16:11:20"}
{"level":"info","message":"🚀 Server running on port 5000","service":"invoice-service","timestamp":"2026-04-22 16:11:23"}
{"level":"info","message":"POST /api/auth/reset-password","service":"invoice-service","timestamp":"2026-04-22 16:11:26"}
{"level":"error","message":"[POST] /api/auth/reset-password - Invalid or expired reset token","service":"invoice-service","timestamp":"2026-04-22 16:11:26"}
{"level":"info","message":"MongoDB connected successfully","service":"invoice-service","timestamp":"2026-04-22 16:12:03"}
{"level":"info","message":"🚀 Server running on port 5000","service":"invoice-service","timestamp":"2026-04-22 16:12:06"}
{"level":"info","message":"POST /api/auth/reset-password","service":"invoice-service","timestamp":"2026-04-22 16:12:10"}
{"level":"error","message":"[POST] /api/auth/reset-password - Date.now(...).toDateString is not a function","service":"invoice-service","timestamp":"2026-04-22 16:12:10"}
{"level":"info","message":"MongoDB connected successfully","service":"invoice-service","timestamp":"2026-04-22 16:12:49"}
{"level":"info","message":"🚀 Server running on port 5000","service":"invoice-service","timestamp":"2026-04-22 16:12:52"}
{"level":"info","message":"POST /api/auth/reset-password","service":"invoice-service","timestamp":"2026-04-22 16:12:58"}
{"level":"error","message":"[POST] /api/auth/reset-password - Invalid or expired reset token","service":"invoice-service","timestamp":"2026-04-22 16:12:58"}
{"level":"info","message":"MongoDB connected successfully","service":"invoice-service","timestamp":"2026-04-22 16:13:23"}
{"level":"info","message":"🚀 Server running on port 5000","service":"invoice-service","timestamp":"2026-04-22 16:13:27"}
{"level":"info","message":"POST /api/auth/reset-password","service":"invoice-service","timestamp":"2026-04-22 16:13:30"}
{"level":"error","message":"[POST] /api/auth/reset-password - Invalid or expired reset token","service":"invoice-service","timestamp":"2026-04-22 16:13:30"}
{"level":"info","message":"MongoDB connected successfully","service":"invoice-service","timestamp":"2026-04-22 16:13:50"}
{"level":"info","message":"🚀 Server running on port 5000","service":"invoice-service","timestamp":"2026-04-22 16:13:53"}
{"level":"info","message":"POST /api/auth/reset-password","service":"invoice-service","timestamp":"2026-04-22 16:13:57"}
{"level":"error","message":"[POST] /api/auth/reset-password - Invalid or expired reset token","service":"invoice-service","timestamp":"2026-04-22 16:13:57"}
{"level":"info","message":"MongoDB connected successfully","service":"invoice-service","timestamp":"2026-04-22 16:14:34"}
{"level":"info","message":"🚀 Server running on port 5000","service":"invoice-service","timestamp":"2026-04-22 16:14:37"}
{"level":"info","message":"POST /api/auth/reset-password","service":"invoice-service","timestamp":"2026-04-22 16:14:47"}
{"level":"error","message":"[POST] /api/auth/reset-password - Invalid or expired reset token","service":"invoice-service","timestamp":"2026-04-22 16:14:47"}
{"level":"info","message":"MongoDB connected successfully","service":"invoice-service","timestamp":"2026-04-22 16:15:21"}
{"level":"info","message":"🚀 Server running on port 5000","service":"invoice-service","timestamp":"2026-04-22 16:15:24"}
{"level":"info","message":"MongoDB connected successfully","service":"invoice-service","timestamp":"2026-04-22 16:15:58"}
{"level":"info","message":"🚀 Server running on port 5000","service":"invoice-service","timestamp":"2026-04-22 16:16:02"}
{"level":"info","message":"POST /api/auth/reset-password","service":"invoice-service","timestamp":"2026-04-22 16:16:06"}
{"level":"error","message":"[POST] /api/auth/reset-password - Invalid or expired reset token","service":"invoice-service","timestamp":"2026-04-22 16:16:06"}
{"level":"info","message":"MongoDB connected successfully","service":"invoice-service","timestamp":"2026-04-22 16:16:35"}
{"level":"info","message":"🚀 Server running on port 5000","service":"invoice-service","timestamp":"2026-04-22 16:16:37"}
{"level":"info","message":"POST /api/auth/reset-password","service":"invoice-service","timestamp":"2026-04-22 16:16:41"}
{"level":"error","message":"[POST] /api/auth/reset-password - Invalid or expired reset token","service":"invoice-service","timestamp":"2026-04-22 16:16:41"}
{"level":"info","message":"MongoDB connected successfully","service":"invoice-service","timestamp":"2026-04-22 16:16:57"}
{"level":"info","message":"🚀 Server running on port 5000","service":"invoice-service","timestamp":"2026-04-22 16:17:00"}
{"level":"info","message":"POST /api/auth/reset-password","service":"invoice-service","timestamp":"2026-04-22 16:17:01"}
{"level":"error","message":"[POST] /api/auth/reset-password - Invalid or expired reset token","service":"invoice-service","timestamp":"2026-04-22 16:17:01"}
