{"level":"info","message":"MongoDB connected successfully","service":"invoice-service","timestamp":"2026-05-05 10:51:54"}
{"level":"info","message":"🚀 Server running on port 5000","service":"invoice-service","timestamp":"2026-05-05 10:51:56"}
{"level":"info","message":"POST /api/auth/login","service":"invoice-service","timestamp":"2026-05-05 10:52:28"}
{"level":"info","message":"GET /api/search/history","service":"invoice-service","timestamp":"2026-05-05 10:52:28"}
{"level":"info","message":"GET /api/invoices","service":"invoice-service","timestamp":"2026-05-05 10:52:28"}
{"level":"info","message":"GET /api/search/history","service":"invoice-service","timestamp":"2026-05-05 10:52:28"}
{"level":"info","message":"POST /api/clients/69d0e214d175d85bb251757e/remind","service":"invoice-service","timestamp":"2026-05-05 10:52:41"}
{"level":"info","message":"MongoDB connected successfully","service":"invoice-service","timestamp":"2026-05-05 10:55:05"}
{"level":"info","message":"🚀 Server running on port 5000","service":"invoice-service","timestamp":"2026-05-05 10:55:11"}
{"level":"info","message":"MongoDB connected successfully","service":"invoice-service","timestamp":"2026-05-05 11:16:58"}
{"level":"info","message":"🚀 Server running on port 5000","service":"invoice-service","timestamp":"2026-05-05 11:18:00"}
{"level":"info","message":"MongoDB connected successfully","service":"invoice-service","timestamp":"2026-05-05 11:18:04"}
{"level":"info","message":"MongoDB connected successfully","service":"invoice-service","timestamp":"2026-05-05 11:18:46"}
{"level":"info","message":"🚀 Server running on port 5000","service":"invoice-service","timestamp":"2026-05-05 11:19:31"}
{"level":"info","message":"SIGINT received. Shutting down gracefully...","service":"invoice-service","timestamp":"2026-05-05 11:24:29"}
{"level":"info","message":"MongoDB connected successfully","service":"invoice-service","timestamp":"2026-05-05 11:24:35"}
{"level":"info","message":"🚀 Server running on port 5000","service":"invoice-service","timestamp":"2026-05-05 11:24:38"}
{"level":"info","message":"POST /api/auth/login","service":"invoice-service","timestamp":"2026-05-05 11:51:44"}
{"level":"info","message":"POST /api/auth/login","service":"invoice-service","timestamp":"2026-05-05 11:59:03"}
{"level":"info","message":"GET /api/invoices","service":"invoice-service","timestamp":"2026-05-05 11:59:04"}
{"level":"info","message":"GET /api/search/history","service":"invoice-service","timestamp":"2026-05-05 11:59:04"}
{"level":"info","message":"GET /api/search/history","service":"invoice-service","timestamp":"2026-05-05 11:59:04"}
